mode: atomic
github.com/scagogogo/npm-crawler/pkg/models/package_information.go:29.41,32.2 2 2
github.com/scagogogo/npm-crawler/pkg/models/registry_information.go:30.53,33.2 2 1
github.com/scagogogo/npm-crawler/pkg/registry/mirror.go:8.34,10.2 1 2
github.com/scagogogo/npm-crawler/pkg/registry/mirror.go:17.34,19.2 1 2
github.com/scagogogo/npm-crawler/pkg/registry/mirror.go:26.36,28.2 1 2
github.com/scagogogo/npm-crawler/pkg/registry/mirror.go:35.38,37.2 1 2
github.com/scagogogo/npm-crawler/pkg/registry/mirror.go:44.37,46.2 1 2
github.com/scagogogo/npm-crawler/pkg/registry/mirror.go:53.39,55.2 1 2
github.com/scagogogo/npm-crawler/pkg/registry/mirror.go:62.41,64.2 1 2
github.com/scagogogo/npm-crawler/pkg/registry/options.go:14.28,18.2 1 35
github.com/scagogogo/npm-crawler/pkg/registry/options.go:20.63,23.2 2 35
github.com/scagogogo/npm-crawler/pkg/registry/options.go:25.51,28.2 2 9
github.com/scagogogo/npm-crawler/pkg/registry/registry.go:15.49,16.23 1 30
github.com/scagogogo/npm-crawler/pkg/registry/registry.go:16.23,18.3 1 1
github.com/scagogogo/npm-crawler/pkg/registry/registry.go:19.2,21.3 1 30
github.com/scagogogo/npm-crawler/pkg/registry/registry.go:25.101,28.16 3 10
github.com/scagogogo/npm-crawler/pkg/registry/registry.go:28.16,30.3 1 0
github.com/scagogogo/npm-crawler/pkg/registry/registry.go:31.2,31.58 1 10
github.com/scagogogo/npm-crawler/pkg/registry/registry.go:34.108,37.16 3 12
github.com/scagogogo/npm-crawler/pkg/registry/registry.go:37.16,39.3 1 0
github.com/scagogogo/npm-crawler/pkg/registry/registry.go:40.2,40.46 1 12
github.com/scagogogo/npm-crawler/pkg/registry/registry.go:43.42,45.2 1 22
github.com/scagogogo/npm-crawler/pkg/registry/registry.go:47.52,50.16 3 24
github.com/scagogogo/npm-crawler/pkg/registry/registry.go:50.16,53.3 2 1
github.com/scagogogo/npm-crawler/pkg/registry/registry.go:54.2,54.15 1 23
github.com/scagogogo/npm-crawler/pkg/registry/registry.go:58.84,60.27 2 22
github.com/scagogogo/npm-crawler/pkg/registry/registry.go:60.27,62.3 1 0
github.com/scagogogo/npm-crawler/pkg/registry/registry.go:63.2,63.56 1 22
